<?xml version="1.0" encoding="UTF-8"?>
<!-- Generated by org.testng.reporters.JUnitReportReporter -->
<testsuite hostname="Neetu" failures="0" tests="3" name="com.amazon.qa.testdata.LoginPageTest" time="63.096" errors="0" timestamp="2019-09-15T13:35:51 IST" skipped="0">
  <testcase classname="com.amazon.qa.testdata.LoginPageTest" name="loginPageTitlePage" time="0.377"/>
  <testcase classname="com.amazon.qa.testdata.LoginPageTest" name="AmazonlogoImageTest" time="1.230"/>
  <testcase classname="com.amazon.qa.testdata.LoginPageTest" name="loginTest" time="61.489"/>
</testsuite> <!-- com.amazon.qa.testdata.LoginPageTest -->
